PATH
kernel
kernel/drv
kernel/drv/amd64
kernel/drv/amd64/iscsit
kernel/drv/iscsit
kernel/drv/iscsit.conf
lib
lib/svc
lib/svc/method
lib/svc/method/iscsi-target
usr
usr/include
usr/include/libiscsit.h
usr/include/sys
usr/include/sys/iscsit
usr/include/sys/iscsit/iscsit_common.h
usr/lib
usr/lib/amd64
usr/lib/amd64/libiscsit.so
usr/lib/amd64/libiscsit.so.1
usr/lib/amd64/llib-liscsit.ln
usr/lib/libiscsit.so
usr/lib/libiscsit.so.1
usr/lib/llib-liscsit
usr/lib/llib-liscsit.ln
usr/sbin
usr/sbin/itadm
var
var/svc
var/svc/manifest
var/svc/manifest/network
var/svc/manifest/network/iscsi
var/svc/manifest/network/iscsi/iscsi-target.xml
